[0.044s] Invoking command in '/home/leo/Documents/Tactile_Sensing_Raptor_Lab/ros2_ws/build/control_msgs': CMAKE_PREFIX_PATH=/home/leo/Documents/Tactile_Sensing_Raptor_Lab/ros2_ws/install/tactile_sensing:/opt/ros/humble PS1=
\[[1;36m\]Tactile_Sensing_Raptor_Lab/ros2_ws\[[0m\] on \[[1;35m\]ÓÇ† main\[[0m\] \[[1;31m\][!?]\[[0m\] via \[[1;33m\]üêç v3.10.12 (Tactile_Sensing_Raptor_Lab) \[[0m\]
\[[1;32m\]‚ùØ\[[0m\] /usr/bin/cmake /home/leo/Documents/Tactile_Sensing_Raptor_Lab/ros2_ws/src/control_msgs/control_msgs -DCMAKE_BUILD_TYPE=Release -DCMAKE_INSTALL_PREFIX=/home/leo/Documents/Tactile_Sensing_Raptor_Lab/ros2_ws/install/control_msgs
[0.085s] -- Found action_msgs: 1.2.1 (/opt/ros/humble/share/action_msgs/cmake)
[0.583s] -- Found rosidl_generator_c: 3.1.5 (/opt/ros/humble/share/rosidl_generator_c/cmake)
[0.589s] -- Found rosidl_adapter: 3.1.5 (/opt/ros/humble/share/rosidl_adapter/cmake)
[0.609s] -- Found rosidl_generator_cpp: 3.1.5 (/opt/ros/humble/share/rosidl_generator_cpp/cmake)
[0.645s] -- Using all available rosidl_typesupport_c: rosidl_typesupport_fastrtps_c;rosidl_typesupport_introspection_c
[0.686s] -- Using all available rosidl_typesupport_cpp: rosidl_typesupport_fastrtps_cpp;rosidl_typesupport_introspection_cpp
[0.783s] -- Found geometry_msgs: 4.2.4 (/opt/ros/humble/share/geometry_msgs/cmake)
[0.879s] -- Found rosidl_default_generators: 1.2.0 (/opt/ros/humble/share/rosidl_default_generators/cmake)
[0.911s] -- Found sensor_msgs: 4.2.4 (/opt/ros/humble/share/sensor_msgs/cmake)
[0.973s] -- Found trajectory_msgs: 4.2.4 (/opt/ros/humble/share/trajectory_msgs/cmake)
[1.623s] [31mCMake Error at /opt/ros/humble/share/rosidl_adapter/cmake/rosidl_adapt_interfaces.cmake:59 (message):
[1.627s]   
[1.627s]   execute_process(/home/leo/.local/share/virtualenvs/Tactile_Sensing_Raptor_Lab-fBIDry_x/bin/python3
[1.628s]   -m rosidl_adapter --package-name control_msgs --arguments-file
[1.628s]   /home/leo/Documents/Tactile_Sensing_Raptor_Lab/ros2_ws/build/control_msgs/rosidl_adapter__arguments__control_msgs.json
[1.628s]   --output-dir
[1.628s]   /home/leo/Documents/Tactile_Sensing_Raptor_Lab/ros2_ws/build/control_msgs/rosidl_adapter/control_msgs
[1.628s]   --output-file
[1.629s]   /home/leo/Documents/Tactile_Sensing_Raptor_Lab/ros2_ws/build/control_msgs/rosidl_adapter/control_msgs.idls)
[1.629s]   returned error code 1:
[1.629s] 
[1.629s]   AttributeError processing template 'action.idl.em'
[1.630s] 
[1.634s]   Traceback (most recent call last):
[1.634s] 
[1.635s]     File "/opt/ros/humble/local/lib/python3.10/dist-packages/rosidl_adapter/resource/__init__.py", line 48, in evaluate_template
[1.635s]       _interpreter = em.Interpreter(
[1.635s] 
[1.636s]   AttributeError: module 'em' has no attribute 'Interpreter'
[1.636s] 
[1.636s]   
[1.636s] 
[1.637s]   During handling of the above exception, another exception occurred:
[1.637s] 
[1.637s]   
[1.637s] 
[1.638s]   Traceback (most recent call last):
[1.642s] 
[1.642s]     File "/usr/lib/python3.10/runpy.py", line 196, in _run_module_as_main
[1.643s]       return _run_code(code, main_globals, None,
[1.643s]     File "/usr/lib/python3.10/runpy.py", line 86, in _run_code
[1.643s]       exec(code, run_globals)
[1.643s]     File "/opt/ros/humble/local/lib/python3.10/dist-packages/rosidl_adapter/__main__.py", line 19, in <module>
[1.644s]       sys.exit(main())
[1.644s]     File "/opt/ros/humble/local/lib/python3.10/dist-packages/rosidl_adapter/main.py", line 53, in main
[1.644s]       abs_idl_file = convert_to_idl(
[1.644s]     File "/opt/ros/humble/local/lib/python3.10/dist-packages/rosidl_adapter/__init__.py", line 29, in convert_to_idl
[1.645s]       return convert_action_to_idl(
[1.645s]     File "/opt/ros/humble/local/lib/python3.10/dist-packages/rosidl_adapter/action/__init__.py", line 39, in convert_action_to_idl
[1.645s]       expand_template('action.idl.em', data, output_file, encoding='iso-8859-1')
[1.645s]     File "/opt/ros/humble/local/lib/python3.10/dist-packages/rosidl_adapter/resource/__init__.py", line 23, in expand_template
[1.645s]       content = evaluate_template(template_name, data)
[1.646s]     File "/opt/ros/humble/local/lib/python3.10/dist-packages/rosidl_adapter/resource/__init__.py", line 69, in evaluate_template
[1.650s]       _interpreter.shutdown()
[1.650s] 
[1.651s]   AttributeError: 'NoneType' object has no attribute 'shutdown'
[1.651s] 
[1.651s] Call Stack (most recent call first):
[1.651s]   /opt/ros/humble/share/rosidl_cmake/cmake/rosidl_generate_interfaces.cmake:130 (rosidl_adapt_interfaces)
[1.652s]   CMakeLists.txt:56 (rosidl_generate_interfaces)
[1.652s] 
[1.652s] [0m
[1.652s] -- Configuring incomplete, errors occurred!
[1.653s] See also "/home/leo/Documents/Tactile_Sensing_Raptor_Lab/ros2_ws/build/control_msgs/CMakeFiles/CMakeOutput.log".
[1.709s] Invoked command in '/home/leo/Documents/Tactile_Sensing_Raptor_Lab/ros2_ws/build/control_msgs' returned '1': CMAKE_PREFIX_PATH=/home/leo/Documents/Tactile_Sensing_Raptor_Lab/ros2_ws/install/tactile_sensing:/opt/ros/humble PS1=
\[[1;36m\]Tactile_Sensing_Raptor_Lab/ros2_ws\[[0m\] on \[[1;35m\]ÓÇ† main\[[0m\] \[[1;31m\][!?]\[[0m\] via \[[1;33m\]üêç v3.10.12 (Tactile_Sensing_Raptor_Lab) \[[0m\]
\[[1;32m\]‚ùØ\[[0m\] /usr/bin/cmake /home/leo/Documents/Tactile_Sensing_Raptor_Lab/ros2_ws/src/control_msgs/control_msgs -DCMAKE_BUILD_TYPE=Release -DCMAKE_INSTALL_PREFIX=/home/leo/Documents/Tactile_Sensing_Raptor_Lab/ros2_ws/install/control_msgs
