[0.041s] Invoking command in '/home/leo/Documents/Tactile_Sensing_Raptor_Lab/ros2_ws/build/controller_manager_msgs': CMAKE_PREFIX_PATH=/home/leo/Documents/Tactile_Sensing_Raptor_Lab/ros2_ws/install/tactile_sensing:/opt/ros/humble PS1=
\[[1;36m\]Tactile_Sensing_Raptor_Lab/ros2_ws\[[0m\] on \[[1;35m\]ÓÇ† main\[[0m\] \[[1;31m\][!?]\[[0m\] via \[[1;33m\]üêç v3.10.12 (Tactile_Sensing_Raptor_Lab) \[[0m\]took \[[1;33m\]2s\[[0m\]
\[[1;32m\]‚ùØ\[[0m\] /usr/bin/cmake /home/leo/Documents/Tactile_Sensing_Raptor_Lab/ros2_ws/src/ros2_control/controller_manager_msgs -DCMAKE_BUILD_TYPE=Release -DCMAKE_INSTALL_PREFIX=/home/leo/Documents/Tactile_Sensing_Raptor_Lab/ros2_ws/install/controller_manager_msgs
[0.070s] -- Found ament_cmake: 1.3.10 (/opt/ros/humble/share/ament_cmake/cmake)
[0.371s] -- Found builtin_interfaces: 1.2.1 (/opt/ros/humble/share/builtin_interfaces/cmake)
[0.408s] -- Found rosidl_generator_c: 3.1.5 (/opt/ros/humble/share/rosidl_generator_c/cmake)
[0.412s] -- Found rosidl_adapter: 3.1.5 (/opt/ros/humble/share/rosidl_adapter/cmake)
[0.422s] -- Found rosidl_generator_cpp: 3.1.5 (/opt/ros/humble/share/rosidl_generator_cpp/cmake)
[0.437s] -- Using all available rosidl_typesupport_c: rosidl_typesupport_fastrtps_c;rosidl_typesupport_introspection_c
[0.454s] -- Using all available rosidl_typesupport_cpp: rosidl_typesupport_fastrtps_cpp;rosidl_typesupport_introspection_cpp
[0.469s] -- Found lifecycle_msgs: 1.2.1 (/opt/ros/humble/share/lifecycle_msgs/cmake)
[0.481s] -- Found rosidl_default_generators: 1.2.0 (/opt/ros/humble/share/rosidl_default_generators/cmake)
[0.681s] [31mCMake Error at /opt/ros/humble/share/rosidl_adapter/cmake/rosidl_adapt_interfaces.cmake:59 (message):
[0.681s]   
[0.681s]   execute_process(/home/leo/.local/share/virtualenvs/Tactile_Sensing_Raptor_Lab-fBIDry_x/bin/python3
[0.681s]   -m rosidl_adapter --package-name controller_manager_msgs --arguments-file
[0.682s]   /home/leo/Documents/Tactile_Sensing_Raptor_Lab/ros2_ws/build/controller_manager_msgs/rosidl_adapter__arguments__controller_manager_msgs.json
[0.682s]   --output-dir
[0.682s] -- Configuring incomplete, errors occurred!
[0.682s] See also "/home/leo/Documents/Tactile_Sensing_Raptor_Lab/ros2_ws/build/controller_manager_msgs/CMakeFiles/CMakeOutput.log".
[0.682s]   /home/leo/Documents/Tactile_Sensing_Raptor_Lab/ros2_ws/build/controller_manager_msgs/rosidl_adapter/controller_manager_msgs
[0.682s]   --output-file
[0.682s]   /home/leo/Documents/Tactile_Sensing_Raptor_Lab/ros2_ws/build/controller_manager_msgs/rosidl_adapter/controller_manager_msgs.idls)
[0.682s]   returned error code 1:
[0.683s] 
[0.683s]   AttributeError processing template 'msg.idl.em'
[0.683s] 
[0.683s]   Traceback (most recent call last):
[0.683s] 
[0.683s]     File "/opt/ros/humble/local/lib/python3.10/dist-packages/rosidl_adapter/resource/__init__.py", line 51, in evaluate_template
[0.683s]       em.BUFFERED_OPT: True,
[0.683s] 
[0.684s]   AttributeError: module 'em' has no attribute 'BUFFERED_OPT'
[0.684s] 
[0.684s]   
[0.684s] 
[0.684s]   During handling of the above exception, another exception occurred:
[0.684s] 
[0.684s]   
[0.684s] 
[0.685s]   Traceback (most recent call last):
[0.685s] 
[0.685s]     File "/usr/lib/python3.10/runpy.py", line 196, in _run_module_as_main
[0.685s]       return _run_code(code, main_globals, None,
[0.685s]     File "/usr/lib/python3.10/runpy.py", line 86, in _run_code
[0.685s]       exec(code, run_globals)
[0.685s]     File "/opt/ros/humble/local/lib/python3.10/dist-packages/rosidl_adapter/__main__.py", line 19, in <module>
[0.685s]       sys.exit(main())
[0.686s]     File "/opt/ros/humble/local/lib/python3.10/dist-packages/rosidl_adapter/main.py", line 53, in main
[0.686s]       abs_idl_file = convert_to_idl(
[0.686s]     File "/opt/ros/humble/local/lib/python3.10/dist-packages/rosidl_adapter/__init__.py", line 19, in convert_to_idl
[0.686s]       return convert_msg_to_idl(
[0.686s]     File "/opt/ros/humble/local/lib/python3.10/dist-packages/rosidl_adapter/msg/__init__.py", line 39, in convert_msg_to_idl
[0.686s]       expand_template('msg.idl.em', data, output_file, encoding='iso-8859-1')
[0.686s]     File "/opt/ros/humble/local/lib/python3.10/dist-packages/rosidl_adapter/resource/__init__.py", line 23, in expand_template
[0.686s]       content = evaluate_template(template_name, data)
[0.686s]     File "/opt/ros/humble/local/lib/python3.10/dist-packages/rosidl_adapter/resource/__init__.py", line 69, in evaluate_template
[0.686s]       _interpreter.shutdown()
[0.687s] 
[0.687s]   AttributeError: 'NoneType' object has no attribute 'shutdown'
[0.687s] 
[0.687s] Call Stack (most recent call first):
[0.687s]   /opt/ros/humble/share/rosidl_cmake/cmake/rosidl_generate_interfaces.cmake:130 (rosidl_adapt_interfaces)
[0.687s]   CMakeLists.txt:32 (rosidl_generate_interfaces)
[0.687s] 
[0.687s] [0m
[0.717s] Invoked command in '/home/leo/Documents/Tactile_Sensing_Raptor_Lab/ros2_ws/build/controller_manager_msgs' returned '1': CMAKE_PREFIX_PATH=/home/leo/Documents/Tactile_Sensing_Raptor_Lab/ros2_ws/install/tactile_sensing:/opt/ros/humble PS1=
\[[1;36m\]Tactile_Sensing_Raptor_Lab/ros2_ws\[[0m\] on \[[1;35m\]ÓÇ† main\[[0m\] \[[1;31m\][!?]\[[0m\] via \[[1;33m\]üêç v3.10.12 (Tactile_Sensing_Raptor_Lab) \[[0m\]took \[[1;33m\]2s\[[0m\]
\[[1;32m\]‚ùØ\[[0m\] /usr/bin/cmake /home/leo/Documents/Tactile_Sensing_Raptor_Lab/ros2_ws/src/ros2_control/controller_manager_msgs -DCMAKE_BUILD_TYPE=Release -DCMAKE_INSTALL_PREFIX=/home/leo/Documents/Tactile_Sensing_Raptor_Lab/ros2_ws/install/controller_manager_msgs
