[0.042s] Invoking command in '/home/leo/Documents/Tactile_Sensing_Raptor_Lab/ros2_ws/build/controller_manager_msgs': CMAKE_PREFIX_PATH=/home/leo/Documents/Tactile_Sensing_Raptor_Lab/ros2_ws/install/tactile_sensing:/opt/ros/humble PS1=
\[[1;36m\]Tactile_Sensing_Raptor_Lab/ros2_ws\[[0m\] on \[[1;35m\]ÓÇ† main\[[0m\] \[[1;31m\][!?]\[[0m\] via \[[1;33m\]üêç v3.10.12 (Tactile_Sensing_Raptor_Lab) \[[0m\]
\[[1;32m\]‚ùØ\[[0m\] /usr/bin/cmake /home/leo/Documents/Tactile_Sensing_Raptor_Lab/ros2_ws/src/ros2_control/controller_manager_msgs -DCMAKE_BUILD_TYPE=Release -DCMAKE_INSTALL_PREFIX=/home/leo/Documents/Tactile_Sensing_Raptor_Lab/ros2_ws/install/controller_manager_msgs
[0.073s] -- Found ament_cmake: 1.3.10 (/opt/ros/humble/share/ament_cmake/cmake)
[0.661s] -- Found builtin_interfaces: 1.2.1 (/opt/ros/humble/share/builtin_interfaces/cmake)
[0.808s] -- Found rosidl_generator_c: 3.1.5 (/opt/ros/humble/share/rosidl_generator_c/cmake)
[0.826s] -- Found rosidl_adapter: 3.1.5 (/opt/ros/humble/share/rosidl_adapter/cmake)
[0.857s] -- Found rosidl_generator_cpp: 3.1.5 (/opt/ros/humble/share/rosidl_generator_cpp/cmake)
[0.921s] -- Using all available rosidl_typesupport_c: rosidl_typesupport_fastrtps_c;rosidl_typesupport_introspection_c
[0.970s] -- Using all available rosidl_typesupport_cpp: rosidl_typesupport_fastrtps_cpp;rosidl_typesupport_introspection_cpp
[1.003s] -- Found lifecycle_msgs: 1.2.1 (/opt/ros/humble/share/lifecycle_msgs/cmake)
[1.030s] -- Found rosidl_default_generators: 1.2.0 (/opt/ros/humble/share/rosidl_default_generators/cmake)
[1.558s] [31mCMake Error at /opt/ros/humble/share/rosidl_adapter/cmake/rosidl_adapt_interfaces.cmake:59 (message):
[1.565s]   
[1.566s]   execute_process(/home/leo/.local/share/virtualenvs/Tactile_Sensing_Raptor_Lab-fBIDry_x/bin/python3
[1.566s]   -m rosidl_adapter --package-name controller_manager_msgs --arguments-file
[1.566s]   /home/leo/Documents/Tactile_Sensing_Raptor_Lab/ros2_ws/build/controller_manager_msgs/rosidl_adapter__arguments__controller_manager_msgs.json
[1.574s]   --output-dir
[1.574s]   /home/leo/Documents/Tactile_Sensing_Raptor_Lab/ros2_ws/build/controller_manager_msgs/rosidl_adapter/controller_manager_msgs
[1.578s]   --output-file
[1.579s]   /home/leo/Documents/Tactile_Sensing_Raptor_Lab/ros2_ws/build/controller_manager_msgs/rosidl_adapter/controller_manager_msgs.idls)
[1.579s]   returned error code 1:
[1.579s] 
[1.579s]   AttributeError processing template 'msg.idl.em'
[1.580s] 
[1.580s]   Traceback (most recent call last):
[1.580s] 
[1.581s]     File "/opt/ros/humble/local/lib/python3.10/dist-packages/rosidl_adapter/resource/__init__.py", line 48, in evaluate_template
[1.586s]       _interpreter = em.Interpreter(
[1.587s] 
[1.587s]   AttributeError: module 'em' has no attribute 'Interpreter'
[1.587s] 
[1.587s]   
[1.588s] 
[1.588s]   During handling of the above exception, another exception occurred:
[1.588s] 
[1.588s]   
[1.588s] 
[1.589s]   Traceback (most recent call last):
[1.589s] 
[1.589s]     File "/usr/lib/python3.10/runpy.py", line 196, in _run_module_as_main
[1.589s]       return _run_code(code, main_globals, None,
[1.597s]     File "/usr/lib/python3.10/runpy.py", line 86, in _run_code
[1.597s]       exec(code, run_globals)
[1.597s]     File "/opt/ros/humble/local/lib/python3.10/dist-packages/rosidl_adapter/__main__.py", line 19, in <module>
[1.598s]       sys.exit(main())
[1.598s]     File "/opt/ros/humble/local/lib/python3.10/dist-packages/rosidl_adapter/main.py", line 53, in main
[1.598s]       abs_idl_file = convert_to_idl(
[1.598s]     File "/opt/ros/humble/local/lib/python3.10/dist-packages/rosidl_adapter/__init__.py", line 19, in convert_to_idl
[1.599s]       return convert_msg_to_idl(
[1.599s]     File "/opt/ros/humble/local/lib/python3.10/dist-packages/rosidl_adapter/msg/__init__.py", line 39, in convert_msg_to_idl
[1.599s]       expand_template('msg.idl.em', data, output_file, encoding='iso-8859-1')
[1.599s]     File "/opt/ros/humble/local/lib/python3.10/dist-packages/rosidl_adapter/resource/__init__.py", line 23, in expand_template
[1.599s]       content = evaluate_template(template_name, data)
[1.599s]     File "/opt/ros/humble/local/lib/python3.10/dist-packages/rosidl_adapter/resource/__init__.py", line 69, in evaluate_template
[1.600s]       _interpreter.shutdown()
[1.600s] 
[1.600s]   AttributeError: 'NoneType' object has no attribute 'shutdown'
[1.600s] 
[1.600s] Call Stack (most recent call first):
[1.607s]   /opt/ros/humble/share/rosidl_cmake/cmake/rosidl_generate_interfaces.cmake:130 (rosidl_adapt_interfaces)
[1.607s]   CMakeLists.txt:32 (rosidl_generate_interfaces)
[1.608s] 
[1.608s] [0m
[1.608s] -- Configuring incomplete, errors occurred!
[1.608s] See also "/home/leo/Documents/Tactile_Sensing_Raptor_Lab/ros2_ws/build/controller_manager_msgs/CMakeFiles/CMakeOutput.log".
[1.681s] Invoked command in '/home/leo/Documents/Tactile_Sensing_Raptor_Lab/ros2_ws/build/controller_manager_msgs' returned '1': CMAKE_PREFIX_PATH=/home/leo/Documents/Tactile_Sensing_Raptor_Lab/ros2_ws/install/tactile_sensing:/opt/ros/humble PS1=
\[[1;36m\]Tactile_Sensing_Raptor_Lab/ros2_ws\[[0m\] on \[[1;35m\]ÓÇ† main\[[0m\] \[[1;31m\][!?]\[[0m\] via \[[1;33m\]üêç v3.10.12 (Tactile_Sensing_Raptor_Lab) \[[0m\]
\[[1;32m\]‚ùØ\[[0m\] /usr/bin/cmake /home/leo/Documents/Tactile_Sensing_Raptor_Lab/ros2_ws/src/ros2_control/controller_manager_msgs -DCMAKE_BUILD_TYPE=Release -DCMAKE_INSTALL_PREFIX=/home/leo/Documents/Tactile_Sensing_Raptor_Lab/ros2_ws/install/controller_manager_msgs
