[0.044s] Invoking command in '/home/leo/Documents/Tactile_Sensing_Raptor_Lab/ros2_ws/build/control_msgs': CMAKE_PREFIX_PATH=/home/leo/Documents/Tactile_Sensing_Raptor_Lab/ros2_ws/install/tactile_sensing:/opt/ros/humble PS1=
\[[1;36m\]Tactile_Sensing_Raptor_Lab/ros2_ws\[[0m\] on \[[1;35m\]ÓÇ† main\[[0m\] \[[1;31m\][!?]\[[0m\] via \[[1;33m\]üêç v3.10.12 (Tactile_Sensing_Raptor_Lab) \[[0m\]took \[[1;33m\]2s\[[0m\]
\[[1;32m\]‚ùØ\[[0m\] /usr/bin/cmake /home/leo/Documents/Tactile_Sensing_Raptor_Lab/ros2_ws/src/control_msgs/control_msgs -DCMAKE_BUILD_TYPE=Release -DCMAKE_INSTALL_PREFIX=/home/leo/Documents/Tactile_Sensing_Raptor_Lab/ros2_ws/install/control_msgs
[0.082s] -- Found action_msgs: 1.2.1 (/opt/ros/humble/share/action_msgs/cmake)
[0.421s] -- Found rosidl_generator_c: 3.1.5 (/opt/ros/humble/share/rosidl_generator_c/cmake)
[0.426s] -- Found rosidl_adapter: 3.1.5 (/opt/ros/humble/share/rosidl_adapter/cmake)
[0.436s] -- Found rosidl_generator_cpp: 3.1.5 (/opt/ros/humble/share/rosidl_generator_cpp/cmake)
[0.450s] -- Using all available rosidl_typesupport_c: rosidl_typesupport_fastrtps_c;rosidl_typesupport_introspection_c
[0.467s] -- Using all available rosidl_typesupport_cpp: rosidl_typesupport_fastrtps_cpp;rosidl_typesupport_introspection_cpp
[0.512s] -- Found geometry_msgs: 4.2.4 (/opt/ros/humble/share/geometry_msgs/cmake)
[0.581s] -- Found rosidl_default_generators: 1.2.0 (/opt/ros/humble/share/rosidl_default_generators/cmake)
[0.588s] -- Found sensor_msgs: 4.2.4 (/opt/ros/humble/share/sensor_msgs/cmake)
[0.588s] -- Found trajectory_msgs: 4.2.4 (/opt/ros/humble/share/trajectory_msgs/cmake)
[0.786s] [31mCMake Error at /opt/ros/humble/share/rosidl_adapter/cmake/rosidl_adapt_interfaces.cmake:59 (message):
[0.787s]   
[0.787s]   execute_process(/home/leo/.local/share/virtualenvs/Tactile_Sensing_Raptor_Lab-fBIDry_x/bin/python3
[0.787s]   -m rosidl_adapter --package-name control_msgs --arguments-file
[0.787s]   /home/leo/Documents/Tactile_Sensing_Raptor_Lab/ros2_ws/build/control_msgs/rosidl_adapter__arguments__control_msgs.json
[0.787s]   --output-dir
[0.787s]   /home/leo/Documents/Tactile_Sensing_Raptor_Lab/ros2_ws/build/control_msgs/rosidl_adapter/control_msgs
[0.787s]   --output-file
[0.787s]   /home/leo/Documents/Tactile_Sensing_Raptor_Lab/ros2_ws/build/control_msgs/rosidl_adapter/control_msgs.idls)
[0.787s]   returned error code 1:
[0.787s] 
[0.787s]   AttributeError processing template 'action.idl.em'
[0.787s] 
[0.787s]   Traceback (most recent call last):
[0.788s] 
[0.788s]     File "/opt/ros/humble/local/lib/python3.10/dist-packages/rosidl_adapter/resource/__init__.py", line 51, in evaluate_template
[0.788s]       em.BUFFERED_OPT: True,
[0.788s] 
[0.788s]   AttributeError: module 'em' has no attribute 'BUFFERED_OPT'
[0.788s] 
[0.788s]   
[0.788s] 
[0.788s]   During handling of the above exception, another exception occurred:
[0.788s] 
[0.788s]   
[0.788s] 
[0.788s]   Traceback (most recent call last):
[0.788s] 
[0.789s]     File "/usr/lib/python3.10/runpy.py", line 196, in _run_module_as_main
[0.789s]       return _run_code(code, main_globals, None,
[0.789s]     File "/usr/lib/python3.10/runpy.py", line 86, in _run_code
[0.789s]       exec(code, run_globals)
[0.789s]     File "/opt/ros/humble/local/lib/python3.10/dist-packages/rosidl_adapter/__main__.py", line 19, in <module>
[0.789s]       sys.exit(main())
[0.789s]     File "/opt/ros/humble/local/lib/python3.10/dist-packages/rosidl_adapter/main.py", line 53, in main
[0.789s]       abs_idl_file = convert_to_idl(
[0.789s]     File "/opt/ros/humble/local/lib/python3.10/dist-packages/rosidl_adapter/__init__.py", line 29, in convert_to_idl
[0.789s]       return convert_action_to_idl(
[0.789s]     File "/opt/ros/humble/local/lib/python3.10/dist-packages/rosidl_adapter/action/__init__.py", line 39, in convert_action_to_idl
[0.789s]       expand_template('action.idl.em', data, output_file, encoding='iso-8859-1')
[0.789s]     File "/opt/ros/humble/local/lib/python3.10/dist-packages/rosidl_adapter/resource/__init__.py", line 23, in expand_template
[0.789s]       content = evaluate_template(template_name, data)
[0.790s]     File "/opt/ros/humble/local/lib/python3.10/dist-packages/rosidl_adapter/resource/__init__.py", line 69, in evaluate_template
[0.790s]       _interpreter.shutdown()
[0.790s] 
[0.790s]   AttributeError: 'NoneType' object has no attribute 'shutdown'
[0.790s] 
[0.790s] Call Stack (most recent call first):
[0.790s]   /opt/ros/humble/share/rosidl_cmake/cmake/rosidl_generate_interfaces.cmake:130 (rosidl_adapt_interfaces)
[0.790s]   CMakeLists.txt:56 (rosidl_generate_interfaces)
[0.790s] 
[0.790s] [0m
[0.790s] -- Configuring incomplete, errors occurred!
[0.790s] See also "/home/leo/Documents/Tactile_Sensing_Raptor_Lab/ros2_ws/build/control_msgs/CMakeFiles/CMakeOutput.log".
